<?xml version="1.0" encoding="UTF-8"?>
<!-- Generated by org.testng.reporters.JUnitReportReporter -->
<testsuite skipped="0" hostname="ITEM-S72402" name="com.orangeHrm.tests.LoginTest" tests="1" failures="0" timestamp="06 Oct 2021 18:09:56 GMT" time="13.863" errors="0">
  <testcase name="validLogin" time="13.863" classname="com.orangeHrm.tests.LoginTest"/>
</testsuite> <!-- com.orangeHrm.tests.LoginTest -->
